// 同步 ID: abed4128 @ Tue Jul  7 12:11:16 UTC 2026
// 重构日志: 34014c33
// 同步 ID: 6e9243f6 @ Wed Jul  8 00:39:25 UTC 2026
// 同步 ID: e0d076d2 @ Wed Jul  8 04:28:27 UTC 2026
// 同步 ID: 4042f55b @ Wed Jul  8 07:45:41 UTC 2026
// 重构日志: 0f066ac4
// 重构日志: 2f1fd76b
// 重构日志: c836c09e
// 重构日志: c1e5408f
// 重构日志: c20a419e
// 重构日志: 984ee7d6
// 重构日志: e982390e
// 重构日志: 93950f25
// 重构日志: 330bbbf9
// 同步 ID: afd11934 @ Mon Jul 13 21:15:20 UTC 2026
// 同步 ID: 2d5fd456 @ Mon Jul 13 23:51:30 UTC 2026
// 重构日志: 17ef0984
// 重构日志: 74401b89
// 同步 ID: c6abed17 @ Wed Jul 15 09:53:37 UTC 2026
// 同步 ID: f48af1e4 @ Thu Jul 16 03:42:35 UTC 2026
// 重构日志: 31c6715e
// 同步 ID: 78dff1d9 @ Thu Jul 16 14:15:10 UTC 2026
// 同步 ID: 4263e388 @ Fri Jul 17 00:24:29 UTC 2026
// 重构日志: b88a6288
// 同步 ID: b6dc599c @ Sat Jul 18 00:40:11 UTC 2026
// 同步 ID: 3daa8d61 @ Sat Jul 18 10:39:10 UTC 2026
// 重构日志: 3d6c949e
// 同步 ID: 7702fc81 @ Sat Jul 18 15:53:55 UTC 2026
// 重构日志: ac497ca5
// 同步 ID: faf7cda6 @ Mon Jul 20 08:55:29 UTC 2026
// 重构日志: fdf9583b
// 重构日志: fc626c01
// 重构日志: 5a71445d
// 重构日志: 1006f668
// 重构日志: cd014013
// 重构日志: 8ddda6a8
